2025-12-19 16:56:48 - log: Load engine in C:\ProgramData\cocos\editors\Creator\3.8.0\resources\resources\3d\engine
2025-12-19 16:56:49 - log: Profile changed: engine (modules.includeModules: 2d,animation,audio,base,dragon-bones,gfx-webgl,gfx-webgl2,intersection-2d,particle-2d,physics-2d-box2d,profiler,spine,tiled-map,tween,ui,video,webview)
2025-12-19 16:56:49 - log: Register native engine in C:\ProgramData\cocos\editors\Creator\3.8.0\resources\resources\3d\engine\native
2025-12-19 16:57:05 - info: [Scene] [PHYSICS]: using builtin.
2025-12-19 16:57:05 - log: [Scene] Cocos Creator v3.8.0
2025-12-19 16:57:05 - info: [Scene] Forward render pipeline initialized.
2025-12-19 16:57:05 - info: [Scene] [PHYSICS2D]: switch from builtin to box2d.
2025-12-19 17:01:10 - warn: [Scene] can't change name of prefab root in prefab mode, you can modify it by changing the filename of this prefabError: [Scene] can't change name of prefab root in prefab mode, you can modify it by changing the filename of this prefab
    at PrefabSceneFacade.setNodeProperty (C:\ProgramData\cocos\editors\Creator\3.8.0\resources\app.asar\builtin\scene\dist\script\3d\facade\prefab-scene-facade.ccc:1:1754)
    at SceneFacadeManager.setNodeProperty (C:\ProgramData\cocos\editors\Creator\3.8.0\resources\app.asar\builtin\scene\dist\script\3d\facade\scene-facade-manager.ccc:1:10361)
    at step (C:\ProgramData\cocos\editors\Creator\3.8.0\resources\app.asar\builtin\scene\dist\script\3d\manager\ipc\web\ipc.ccc:1:748)
    at C:\ProgramData\cocos\editors\Creator\3.8.0\resources\app.asar\builtin\scene\dist\script\3d\manager\ipc\web\ipc.ccc:1:1617
    at new Promise (<anonymous>)
    at C:\ProgramData\cocos\editors\Creator\3.8.0\resources\app.asar\builtin\scene\dist\script\3d\manager\ipc\web\ipc.ccc:1:1554
    at EventEmitter.<anonymous> (C:\ProgramData\cocos\editors\Creator\3.8.0\resources\app.asar\builtin\scene\dist\script\3d\manager\ipc\web\webview.ccc:1:1013)
2025-12-19 17:01:10 - warn: [Scene] can't change name of prefab root in prefab mode, you can modify it by changing the filename of this prefabError: [Scene] can't change name of prefab root in prefab mode, you can modify it by changing the filename of this prefab
    at PrefabSceneFacade.setNodeProperty (C:\ProgramData\cocos\editors\Creator\3.8.0\resources\app.asar\builtin\scene\dist\script\3d\facade\prefab-scene-facade.ccc:1:1754)
    at SceneFacadeManager.setNodeProperty (C:\ProgramData\cocos\editors\Creator\3.8.0\resources\app.asar\builtin\scene\dist\script\3d\facade\scene-facade-manager.ccc:1:10361)
    at step (C:\ProgramData\cocos\editors\Creator\3.8.0\resources\app.asar\builtin\scene\dist\script\3d\manager\ipc\web\ipc.ccc:1:748)
    at C:\ProgramData\cocos\editors\Creator\3.8.0\resources\app.asar\builtin\scene\dist\script\3d\manager\ipc\web\ipc.ccc:1:1617
    at new Promise (<anonymous>)
    at C:\ProgramData\cocos\editors\Creator\3.8.0\resources\app.asar\builtin\scene\dist\script\3d\manager\ipc\web\ipc.ccc:1:1554
    at EventEmitter.<anonymous> (C:\ProgramData\cocos\editors\Creator\3.8.0\resources\app.asar\builtin\scene\dist\script\3d\manager\ipc\web\webview.ccc:1:1013)
2025-12-19 17:01:11 - warn: [Scene] can't change name of prefab root in prefab mode, you can modify it by changing the filename of this prefabError: [Scene] can't change name of prefab root in prefab mode, you can modify it by changing the filename of this prefab
    at PrefabSceneFacade.setNodeProperty (C:\ProgramData\cocos\editors\Creator\3.8.0\resources\app.asar\builtin\scene\dist\script\3d\facade\prefab-scene-facade.ccc:1:1754)
    at SceneFacadeManager.setNodeProperty (C:\ProgramData\cocos\editors\Creator\3.8.0\resources\app.asar\builtin\scene\dist\script\3d\facade\scene-facade-manager.ccc:1:10361)
    at step (C:\ProgramData\cocos\editors\Creator\3.8.0\resources\app.asar\builtin\scene\dist\script\3d\manager\ipc\web\ipc.ccc:1:748)
    at C:\ProgramData\cocos\editors\Creator\3.8.0\resources\app.asar\builtin\scene\dist\script\3d\manager\ipc\web\ipc.ccc:1:1617
    at new Promise (<anonymous>)
    at C:\ProgramData\cocos\editors\Creator\3.8.0\resources\app.asar\builtin\scene\dist\script\3d\manager\ipc\web\ipc.ccc:1:1554
    at EventEmitter.<anonymous> (C:\ProgramData\cocos\editors\Creator\3.8.0\resources\app.asar\builtin\scene\dist\script\3d\manager\ipc\web\webview.ccc:1:1013)
2025-12-19 17:01:11 - warn: [Scene] can't change name of prefab root in prefab mode, you can modify it by changing the filename of this prefabError: [Scene] can't change name of prefab root in prefab mode, you can modify it by changing the filename of this prefab
    at PrefabSceneFacade.setNodeProperty (C:\ProgramData\cocos\editors\Creator\3.8.0\resources\app.asar\builtin\scene\dist\script\3d\facade\prefab-scene-facade.ccc:1:1754)
    at SceneFacadeManager.setNodeProperty (C:\ProgramData\cocos\editors\Creator\3.8.0\resources\app.asar\builtin\scene\dist\script\3d\facade\scene-facade-manager.ccc:1:10361)
    at step (C:\ProgramData\cocos\editors\Creator\3.8.0\resources\app.asar\builtin\scene\dist\script\3d\manager\ipc\web\ipc.ccc:1:748)
    at C:\ProgramData\cocos\editors\Creator\3.8.0\resources\app.asar\builtin\scene\dist\script\3d\manager\ipc\web\ipc.ccc:1:1617
    at new Promise (<anonymous>)
    at C:\ProgramData\cocos\editors\Creator\3.8.0\resources\app.asar\builtin\scene\dist\script\3d\manager\ipc\web\ipc.ccc:1:1554
    at EventEmitter.<anonymous> (C:\ProgramData\cocos\editors\Creator\3.8.0\resources\app.asar\builtin\scene\dist\script\3d\manager\ipc\web\webview.ccc:1:1013)
2025-12-19 17:01:11 - warn: [Scene] can't change name of prefab root in prefab mode, you can modify it by changing the filename of this prefabError: [Scene] can't change name of prefab root in prefab mode, you can modify it by changing the filename of this prefab
    at PrefabSceneFacade.setNodeProperty (C:\ProgramData\cocos\editors\Creator\3.8.0\resources\app.asar\builtin\scene\dist\script\3d\facade\prefab-scene-facade.ccc:1:1754)
    at SceneFacadeManager.setNodeProperty (C:\ProgramData\cocos\editors\Creator\3.8.0\resources\app.asar\builtin\scene\dist\script\3d\facade\scene-facade-manager.ccc:1:10361)
    at step (C:\ProgramData\cocos\editors\Creator\3.8.0\resources\app.asar\builtin\scene\dist\script\3d\manager\ipc\web\ipc.ccc:1:748)
    at C:\ProgramData\cocos\editors\Creator\3.8.0\resources\app.asar\builtin\scene\dist\script\3d\manager\ipc\web\ipc.ccc:1:1617
    at new Promise (<anonymous>)
    at C:\ProgramData\cocos\editors\Creator\3.8.0\resources\app.asar\builtin\scene\dist\script\3d\manager\ipc\web\ipc.ccc:1:1554
    at EventEmitter.<anonymous> (C:\ProgramData\cocos\editors\Creator\3.8.0\resources\app.asar\builtin\scene\dist\script\3d\manager\ipc\web\webview.ccc:1:1013)
2025-12-19 17:01:11 - warn: [Scene] can't change name of prefab root in prefab mode, you can modify it by changing the filename of this prefabError: [Scene] can't change name of prefab root in prefab mode, you can modify it by changing the filename of this prefab
    at PrefabSceneFacade.setNodeProperty (C:\ProgramData\cocos\editors\Creator\3.8.0\resources\app.asar\builtin\scene\dist\script\3d\facade\prefab-scene-facade.ccc:1:1754)
    at SceneFacadeManager.setNodeProperty (C:\ProgramData\cocos\editors\Creator\3.8.0\resources\app.asar\builtin\scene\dist\script\3d\facade\scene-facade-manager.ccc:1:10361)
    at step (C:\ProgramData\cocos\editors\Creator\3.8.0\resources\app.asar\builtin\scene\dist\script\3d\manager\ipc\web\ipc.ccc:1:748)
    at C:\ProgramData\cocos\editors\Creator\3.8.0\resources\app.asar\builtin\scene\dist\script\3d\manager\ipc\web\ipc.ccc:1:1617
    at new Promise (<anonymous>)
    at C:\ProgramData\cocos\editors\Creator\3.8.0\resources\app.asar\builtin\scene\dist\script\3d\manager\ipc\web\ipc.ccc:1:1554
    at EventEmitter.<anonymous> (C:\ProgramData\cocos\editors\Creator\3.8.0\resources\app.asar\builtin\scene\dist\script\3d\manager\ipc\web\webview.ccc:1:1013)
2025-12-19 17:01:16 - warn: [Scene] can't change name of prefab root in prefab mode, you can modify it by changing the filename of this prefabError: [Scene] can't change name of prefab root in prefab mode, you can modify it by changing the filename of this prefab
    at PrefabSceneFacade.setNodeProperty (C:\ProgramData\cocos\editors\Creator\3.8.0\resources\app.asar\builtin\scene\dist\script\3d\facade\prefab-scene-facade.ccc:1:1754)
    at SceneFacadeManager.setNodeProperty (C:\ProgramData\cocos\editors\Creator\3.8.0\resources\app.asar\builtin\scene\dist\script\3d\facade\scene-facade-manager.ccc:1:10361)
    at step (C:\ProgramData\cocos\editors\Creator\3.8.0\resources\app.asar\builtin\scene\dist\script\3d\manager\ipc\web\ipc.ccc:1:748)
    at C:\ProgramData\cocos\editors\Creator\3.8.0\resources\app.asar\builtin\scene\dist\script\3d\manager\ipc\web\ipc.ccc:1:1617
    at new Promise (<anonymous>)
    at C:\ProgramData\cocos\editors\Creator\3.8.0\resources\app.asar\builtin\scene\dist\script\3d\manager\ipc\web\ipc.ccc:1:1554
    at EventEmitter.<anonymous> (C:\ProgramData\cocos\editors\Creator\3.8.0\resources\app.asar\builtin\scene\dist\script\3d\manager\ipc\web\webview.ccc:1:1013)
2025-12-19 17:01:16 - warn: [Scene] can't change name of prefab root in prefab mode, you can modify it by changing the filename of this prefabError: [Scene] can't change name of prefab root in prefab mode, you can modify it by changing the filename of this prefab
    at PrefabSceneFacade.setNodeProperty (C:\ProgramData\cocos\editors\Creator\3.8.0\resources\app.asar\builtin\scene\dist\script\3d\facade\prefab-scene-facade.ccc:1:1754)
    at SceneFacadeManager.setNodeProperty (C:\ProgramData\cocos\editors\Creator\3.8.0\resources\app.asar\builtin\scene\dist\script\3d\facade\scene-facade-manager.ccc:1:10361)
    at step (C:\ProgramData\cocos\editors\Creator\3.8.0\resources\app.asar\builtin\scene\dist\script\3d\manager\ipc\web\ipc.ccc:1:748)
    at C:\ProgramData\cocos\editors\Creator\3.8.0\resources\app.asar\builtin\scene\dist\script\3d\manager\ipc\web\ipc.ccc:1:1617
    at new Promise (<anonymous>)
    at C:\ProgramData\cocos\editors\Creator\3.8.0\resources\app.asar\builtin\scene\dist\script\3d\manager\ipc\web\ipc.ccc:1:1554
    at EventEmitter.<anonymous> (C:\ProgramData\cocos\editors\Creator\3.8.0\resources\app.asar\builtin\scene\dist\script\3d\manager\ipc\web\webview.ccc:1:1013)
2025-12-19 17:33:44 - error: [Browser Preview]TypeError: _this3.worms is not iterable
2025-12-19 17:51:29 - error: [Scene] {hidden(::SceneExecutorImportExceptionHandler::)} ReferenceError: Slider is not defined
    at Object.execute (file:///G:/escapeworm/NewProject/temp/programming/packer-driver/targets/editor/chunks/0c/0cb98739c2dfeb1b15f99d8627f0b2f75ceac166.js:70:339)
    at doExec (C:\ProgramData\cocos\editors\Creator\3.8.0\resources\app.asar\node_modules\@editor\lib-programming\static\executor\systemjs-bridge\out\index.js:517:30)
    at postOrderExec (C:\ProgramData\cocos\editors\Creator\3.8.0\resources\app.asar\node_modules\@editor\lib-programming\static\executor\systemjs-bridge\out\index.js:508:21)
    at C:\ProgramData\cocos\editors\Creator\3.8.0\resources\app.asar\node_modules\@editor\lib-programming\static\executor\systemjs-bridge\out\index.js:440:12
    at file:///G:/escapeworm/NewProject/temp/programming/packer-driver/targets/editor/chunks/c1/c1197de683ea2e6ee3f497b1d6f6b3dda8413386.js:13:13
    at Object.execute (file:///G:/escapeworm/NewProject/temp/programming/packer-driver/targets/editor/chunks/c1/c1197de683ea2e6ee3f497b1d6f6b3dda8413386.js:8:7)
    at Executor._importPrerequisiteModules (C:\ProgramData\cocos\editors\Creator\3.8.0\resources\app.asar\node_modules\@editor\lib-programming\src\executor\index.ts:298:13)
    at Executor.reload (C:\ProgramData\cocos\editors\Creator\3.8.0\resources\app.asar\node_modules\@editor\lib-programming\src\executor\index.ts:183:9)
    at GlobalEnv.record (C:\ProgramData\cocos\editors\Creator\3.8.0\resources\app.asar\builtin\scene\dist\script\3d\manager\scripts.ccc:1:1876)Error: [Scene] {hidden(::SceneExecutorImportExceptionHandler::)} ReferenceError: Slider is not defined
    at C:\ProgramData\cocos\editors\Creator\3.8.0\resources\app.asar\node_modules\@editor\lib-programming\static\executor\systemjs-bridge\out\index.js:440:12
    at file:///G:/escapeworm/NewProject/temp/programming/packer-driver/targets/editor/chunks/c1/c1197de683ea2e6ee3f497b1d6f6b3dda8413386.js:13:13
    at Object.execute (file:///G:/escapeworm/NewProject/temp/programming/packer-driver/targets/editor/chunks/c1/c1197de683ea2e6ee3f497b1d6f6b3dda8413386.js:8:7)
    at Executor._importPrerequisiteModules (C:\ProgramData\cocos\editors\Creator\3.8.0\resources\app.asar\node_modules\@editor\lib-programming\src\executor\index.ts:298:13)
    at Executor.reload (C:\ProgramData\cocos\editors\Creator\3.8.0\resources\app.asar\node_modules\@editor\lib-programming\src\executor\index.ts:183:9)
    at GlobalEnv.record (C:\ProgramData\cocos\editors\Creator\3.8.0\resources\app.asar\builtin\scene\dist\script\3d\manager\scripts.ccc:1:1876)
    at Logger._logHandler (C:\ProgramData\cocos\editors\Creator\3.8.0\resources\app.asar\builtin\scene\dist\script\3d\manager\startup\log.ccc:1:492)
    at Logger.record (C:\ProgramData\cocos\editors\Creator\3.8.0\resources\app.asar\node_modules\@base\electron-logger\lib\renderer.ccc:1:458)
    at console.error (C:\ProgramData\cocos\editors\Creator\3.8.0\resources\app.asar\node_modules\@base\electron-logger\lib\renderer.ccc:1:1414)
    at ScriptManager._handleImportException (C:\ProgramData\cocos\editors\Creator\3.8.0\resources\app.asar\builtin\scene\dist\script\3d\manager\scripts.ccc:1:5391)
    at Executor.importExceptionHandler [as _importExceptionHandler] (C:\ProgramData\cocos\editors\Creator\3.8.0\resources\app.asar\builtin\scene\dist\script\3d\manager\scripts.ccc:1:3485)
    at Executor._onModuleLoaded (C:\ProgramData\cocos\editors\Creator\3.8.0\resources\app.asar\node_modules\@editor\lib-programming\src\executor\index.ts:347:22)
    at SystemJS.onload (C:\ProgramData\cocos\editors\Creator\3.8.0\resources\app.asar\node_modules\@editor\lib-programming\src\executor\index.ts:87:18)
    at triggerOnload (C:\ProgramData\cocos\editors\Creator\3.8.0\resources\app.asar\node_modules\@editor\lib-programming\static\executor\systemjs-bridge\out\index.js:270:10)
    at doExec (C:\ProgramData\cocos\editors\Creator\3.8.0\resources\app.asar\node_modules\@editor\lib-programming\static\executor\systemjs-bridge\out\index.js:538:7)
    at postOrderExec (C:\ProgramData\cocos\editors\Creator\3.8.0\resources\app.asar\node_modules\@editor\lib-programming\static\executor\systemjs-bridge\out\index.js:508:21)
2025-12-19 17:51:29 - warn: [Scene] Missing class: 7e906J/jvFCEL9MGDgd+omFError: [Scene] Missing class: 7e906J/jvFCEL9MGDgd+omF
    at Object.classFinder (C:\ProgramData\cocos\editors\Creator\3.8.0\resources\app.asar\builtin\engine\dist\editor-extends\missing-reporter\missing-class-reporter.ccc:1:2381)
    at _Deserializer.classFinder [as _classFinder] (C:\ProgramData\cocos\editors\Creator\3.8.0\resources\resources\3d\engine\bin\.cache\dev\editor\bundled\index.js:138059:34)
    at _Deserializer._deserializeTypeTaggedObject (C:\ProgramData\cocos\editors\Creator\3.8.0\resources\resources\3d\engine\bin\.cache\dev\editor\bundled\index.js:57656:30)
    at _Deserializer._deserializeObject (C:\ProgramData\cocos\editors\Creator\3.8.0\resources\resources\3d\engine\bin\.cache\dev\editor\bundled\index.js:57597:29)
    at _Deserializer._deserializeAndAssignField (C:\ProgramData\cocos\editors\Creator\3.8.0\resources\resources\3d\engine\bin\.cache\dev\editor\bundled\index.js:57809:38)
    at _Deserializer._deserializeArray (C:\ProgramData\cocos\editors\Creator\3.8.0\resources\resources\3d\engine\bin\.cache\dev\editor\bundled\index.js:57631:40)
    at _Deserializer._deserializeObject (C:\ProgramData\cocos\editors\Creator\3.8.0\resources\resources\3d\engine\bin\.cache\dev\editor\bundled\index.js:57603:29)
2025-12-19 17:51:29 - error: [Scene] Script "7e906J/jvFCEL9MGDgd+omF" attached to "Canvas" is missing or invalid. Detailed information:
Node path: "Canvas"
Script UUID: "7e90627f-8ef1-4210-bf4c-18381dfa8985"
Class ID: "7e906J/jvFCEL9MGDgd+omF"
Error: [Scene] Script "7e906J/jvFCEL9MGDgd+omF" attached to "Canvas" is missing or invalid. Detailed information:
Node path: "Canvas"
Script UUID: "7e90627f-8ef1-4210-bf4c-18381dfa8985"
Class ID: "7e906J/jvFCEL9MGDgd+omF"

    at report (C:\ProgramData\cocos\editors\Creator\3.8.0\resources\app.asar\builtin\engine\dist\editor-extends\missing-reporter\missing-class-reporter.ccc:1:1393)
    at reportByWalker (C:\ProgramData\cocos\editors\Creator\3.8.0\resources\app.asar\builtin\engine\dist\editor-extends\missing-reporter\missing-class-reporter.ccc:1:1606)
2025-12-19 17:51:29 - warn: [Assets] Slider is not definedReferenceError: Slider is not defined
    at Object.execute (file:///G:/escapeworm/NewProject/temp/programming/packer-driver/targets/editor/chunks/0c/0cb98739c2dfeb1b15f99d8627f0b2f75ceac166.js:70:339)
    at doExec (C:\ProgramData\cocos\editors\Creator\3.8.0\resources\app.asar\node_modules\@editor\lib-programming\static\executor\systemjs-bridge\out\index.js:517:30)
    at postOrderExec (C:\ProgramData\cocos\editors\Creator\3.8.0\resources\app.asar\node_modules\@editor\lib-programming\static\executor\systemjs-bridge\out\index.js:508:21)
    at C:\ProgramData\cocos\editors\Creator\3.8.0\resources\app.asar\node_modules\@editor\lib-programming\static\executor\systemjs-bridge\out\index.js:440:12
    at file:///G:/escapeworm/NewProject/temp/programming/packer-driver/targets/editor/chunks/c1/c1197de683ea2e6ee3f497b1d6f6b3dda8413386.js:13:13
    at Object.execute (file:///G:/escapeworm/NewProject/temp/programming/packer-driver/targets/editor/chunks/c1/c1197de683ea2e6ee3f497b1d6f6b3dda8413386.js:8:7)
    at Executor._importPrerequisiteModules (C:\ProgramData\cocos\editors\Creator\3.8.0\resources\app.asar\node_modules\@editor\lib-programming\src\executor\index.ts:298:13)
    at Executor.reload (C:\ProgramData\cocos\editors\Creator\3.8.0\resources\app.asar\node_modules\@editor\lib-programming\src\executor\index.ts:183:9)
    at loadScript (C:\ProgramData\cocos\editors\Creator\3.8.0\resources\app.asar\builtin\builder\dist\worker\builder\asset-handler\script\load-script.ccc:1:2505)
    at BundleManager.loadScript (C:\ProgramData\cocos\editors\Creator\3.8.0\resources\app.asar\builtin\builder\dist\worker\builder\asset-handler\bundle\index.ccc:1:2670)
2025-12-19 17:51:29 - warn: [Assets] Missing class: 7e906J/jvFCEL9MGDgd+omF[Assets] Missing class: 7e906J/jvFCEL9MGDgd+omF  
at Object.warn (C:\ProgramData\cocos\editors\Creator\3.8.0\resources\app.asar\builtin\asset-db\dist\worker\console.ccc:1:1530)  
at _Deserializer.classFinder [as _classFinder] (C:\ProgramData\cocos\editors\Creator\3.8.0\resources\app.asar\builtin\engine\dist\editor-extends\missing-reporter\missing-class-reporter.ccc:1:2381)  
at _Deserializer._deserializeTypeTaggedObject (C:\ProgramData\cocos\editors\Creator\3.8.0\resources\resources\3d\engine\bin\.cache\dev\editor\bundled\index.js:57656:30)  
at _Deserializer._deserializeObject (C:\ProgramData\cocos\editors\Creator\3.8.0\resources\resources\3d\engine\bin\.cache\dev\editor\bundled\index.js:57597:29)  
at _Deserializer._deserializeAndAssignField (C:\ProgramData\cocos\editors\Creator\3.8.0\resources\resources\3d\engine\bin\.cache\dev\editor\bundled\index.js:57809:38)  
at _Deserializer._deserializeArray (C:\ProgramData\cocos\editors\Creator\3.8.0\resources\resources\3d\engine\bin\.cache\dev\editor\bundled\index.js:57631:40)
2025-12-19 17:51:30 - warn: [Assets] Missing class: 7e906J/jvFCEL9MGDgd+omF[Assets] Missing class: 7e906J/jvFCEL9MGDgd+omF  
at Object.warn (C:\ProgramData\cocos\editors\Creator\3.8.0\resources\app.asar\builtin\asset-db\dist\worker\console.ccc:1:1530)  
at _Deserializer.classFinder [as _classFinder] (C:\ProgramData\cocos\editors\Creator\3.8.0\resources\app.asar\builtin\engine\dist\editor-extends\missing-reporter\missing-class-reporter.ccc:1:2381)  
at _Deserializer._deserializeTypeTaggedObject (C:\ProgramData\cocos\editors\Creator\3.8.0\resources\resources\3d\engine\bin\.cache\dev\editor\bundled\index.js:57656:30)  
at _Deserializer._deserializeObject (C:\ProgramData\cocos\editors\Creator\3.8.0\resources\resources\3d\engine\bin\.cache\dev\editor\bundled\index.js:57597:29)  
at _Deserializer._deserializeAndAssignField (C:\ProgramData\cocos\editors\Creator\3.8.0\resources\resources\3d\engine\bin\.cache\dev\editor\bundled\index.js:57809:38)  
at eval (C:\ProgramData\cocos\editors\Creator\3.8.0\resources\resources\3d\engine\bin\.cache\dev\editor\bundled\index.js:57355:15)
2025-12-19 17:51:30 - warn: [Assets] Missing class: 7e906J/jvFCEL9MGDgd+omF[Assets] Missing class: 7e906J/jvFCEL9MGDgd+omF  
at Object.warn (C:\ProgramData\cocos\editors\Creator\3.8.0\resources\app.asar\builtin\asset-db\dist\worker\console.ccc:1:1530)  
at _Deserializer.classFinder [as _classFinder] (C:\ProgramData\cocos\editors\Creator\3.8.0\resources\app.asar\builtin\engine\dist\editor-extends\missing-reporter\missing-class-reporter.ccc:1:2381)  
at _Deserializer._deserializeTypeTaggedObject (C:\ProgramData\cocos\editors\Creator\3.8.0\resources\resources\3d\engine\bin\.cache\dev\editor\bundled\index.js:57656:30)  
at _Deserializer._deserializeObject (C:\ProgramData\cocos\editors\Creator\3.8.0\resources\resources\3d\engine\bin\.cache\dev\editor\bundled\index.js:57597:29)  
at _Deserializer._deserializeAndAssignField (C:\ProgramData\cocos\editors\Creator\3.8.0\resources\resources\3d\engine\bin\.cache\dev\editor\bundled\index.js:57809:38)  
at eval (C:\ProgramData\cocos\editors\Creator\3.8.0\resources\resources\3d\engine\bin\.cache\dev\editor\bundled\index.js:57355:15)
2025-12-19 17:51:30 - warn: [Assets] Missing class: 7e906J/jvFCEL9MGDgd+omF[Assets] Missing class: 7e906J/jvFCEL9MGDgd+omF  
at Object.warn (C:\ProgramData\cocos\editors\Creator\3.8.0\resources\app.asar\builtin\asset-db\dist\worker\console.ccc:1:1530)  
at _Deserializer.classFinder [as _classFinder] (C:\ProgramData\cocos\editors\Creator\3.8.0\resources\app.asar\builtin\engine\dist\editor-extends\missing-reporter\missing-class-reporter.ccc:1:2381)  
at _Deserializer._deserializeTypeTaggedObject (C:\ProgramData\cocos\editors\Creator\3.8.0\resources\resources\3d\engine\bin\.cache\dev\editor\bundled\index.js:57656:30)  
at _Deserializer._deserializeObject (C:\ProgramData\cocos\editors\Creator\3.8.0\resources\resources\3d\engine\bin\.cache\dev\editor\bundled\index.js:57597:29)  
at _Deserializer._deserializeAndAssignField (C:\ProgramData\cocos\editors\Creator\3.8.0\resources\resources\3d\engine\bin\.cache\dev\editor\bundled\index.js:57809:38)  
at eval (C:\ProgramData\cocos\editors\Creator\3.8.0\resources\resources\3d\engine\bin\.cache\dev\editor\bundled\index.js:57355:15)
2025-12-19 17:51:30 - error: [Assets] Script "7e906J/jvFCEL9MGDgd+omF" attached to "Canvas" is missing or invalid. Detailed information:
Node path: "Canvas"
Script UUID: "7e90627f-8ef1-4210-bf4c-18381dfa8985"
Class ID: "7e906J/jvFCEL9MGDgd+omF"
[Assets] Script "7e906J/jvFCEL9MGDgd+omF" attached to "Canvas" is missing or invalid. Detailed information:
Node path: "Canvas"
Script UUID: "7e90627f-8ef1-4210-bf4c-18381dfa8985"
Class ID: "7e906J/jvFCEL9MGDgd+omF"
  
at Object.encode (C:\ProgramData\cocos\editors\Creator\3.8.0\resources\app.asar\node_modules\@base\electron-worker\node_modules\v-stacks\index.js:14:17)  
at Logger._logHandler (C:\ProgramData\cocos\editors\Creator\3.8.0\resources\app.asar\node_modules\@base\electron-worker\static\script.ccc:1:531)  
at Logger.record (C:\ProgramData\cocos\editors\Creator\3.8.0\resources\app.asar\node_modules\@base\electron-logger\lib\renderer.ccc:1:458)  
at Object.error (C:\ProgramData\cocos\editors\Creator\3.8.0\resources\app.asar\node_modules\@base\electron-logger\lib\renderer.ccc:1:1414)  
at Object.error (C:\ProgramData\cocos\editors\Creator\3.8.0\resources\app.asar\builtin\asset-db\dist\worker\console.ccc:1:1429)  
at report (C:\ProgramData\cocos\editors\Creator\3.8.0\resources\app.asar\builtin\engine\dist\editor-extends\missing-reporter\missing-class-reporter.ccc:1:1393)  
at reportByWalker (C:\ProgramData\cocos\editors\Creator\3.8.0\resources\app.asar\builtin\engine\dist\editor-extends\missing-reporter\missing-class-reporter.ccc:1:1606)
2025-12-19 17:51:30 - warn: [Assets] Slider is not definedReferenceError: Slider is not defined
    at Object.execute (file:///G:/escapeworm/NewProject/temp/programming/packer-driver/targets/editor/chunks/0c/0cb98739c2dfeb1b15f99d8627f0b2f75ceac166.js:70:339)
    at doExec (C:\ProgramData\cocos\editors\Creator\3.8.0\resources\app.asar\node_modules\@editor\lib-programming\static\executor\systemjs-bridge\out\index.js:517:30)
    at postOrderExec (C:\ProgramData\cocos\editors\Creator\3.8.0\resources\app.asar\node_modules\@editor\lib-programming\static\executor\systemjs-bridge\out\index.js:508:21)
    at C:\ProgramData\cocos\editors\Creator\3.8.0\resources\app.asar\node_modules\@editor\lib-programming\static\executor\systemjs-bridge\out\index.js:440:12
    at file:///G:/escapeworm/NewProject/temp/programming/packer-driver/targets/editor/chunks/c1/c1197de683ea2e6ee3f497b1d6f6b3dda8413386.js:13:13
    at Object.execute (file:///G:/escapeworm/NewProject/temp/programming/packer-driver/targets/editor/chunks/c1/c1197de683ea2e6ee3f497b1d6f6b3dda8413386.js:8:7)
    at Executor._importPrerequisiteModules (C:\ProgramData\cocos\editors\Creator\3.8.0\resources\app.asar\node_modules\@editor\lib-programming\src\executor\index.ts:298:13)
    at Executor.reload (C:\ProgramData\cocos\editors\Creator\3.8.0\resources\app.asar\node_modules\@editor\lib-programming\src\executor\index.ts:183:9)
    at loadScript (C:\ProgramData\cocos\editors\Creator\3.8.0\resources\app.asar\builtin\builder\dist\worker\builder\asset-handler\script\load-script.ccc:1:2505)
    at BundleManager.loadScript (C:\ProgramData\cocos\editors\Creator\3.8.0\resources\app.asar\builtin\builder\dist\worker\builder\asset-handler\bundle\index.ccc:1:2670)
2025-12-19 17:51:30 - warn: [Assets] Missing class: 7e906J/jvFCEL9MGDgd+omF[Assets] Missing class: 7e906J/jvFCEL9MGDgd+omF  
at Object.warn (C:\ProgramData\cocos\editors\Creator\3.8.0\resources\app.asar\builtin\asset-db\dist\worker\console.ccc:1:1530)  
at _Deserializer.classFinder [as _classFinder] (C:\ProgramData\cocos\editors\Creator\3.8.0\resources\app.asar\builtin\engine\dist\editor-extends\missing-reporter\missing-class-reporter.ccc:1:2381)  
at _Deserializer._deserializeTypeTaggedObject (C:\ProgramData\cocos\editors\Creator\3.8.0\resources\resources\3d\engine\bin\.cache\dev\editor\bundled\index.js:57656:30)  
at _Deserializer._deserializeObject (C:\ProgramData\cocos\editors\Creator\3.8.0\resources\resources\3d\engine\bin\.cache\dev\editor\bundled\index.js:57597:29)  
at _Deserializer._deserializeAndAssignField (C:\ProgramData\cocos\editors\Creator\3.8.0\resources\resources\3d\engine\bin\.cache\dev\editor\bundled\index.js:57809:38)  
at _Deserializer._deserializeArray (C:\ProgramData\cocos\editors\Creator\3.8.0\resources\resources\3d\engine\bin\.cache\dev\editor\bundled\index.js:57631:40)
2025-12-19 17:51:30 - warn: [Assets] Missing class: 7e906J/jvFCEL9MGDgd+omF[Assets] Missing class: 7e906J/jvFCEL9MGDgd+omF  
at Object.warn (C:\ProgramData\cocos\editors\Creator\3.8.0\resources\app.asar\builtin\asset-db\dist\worker\console.ccc:1:1530)  
at _Deserializer.classFinder [as _classFinder] (C:\ProgramData\cocos\editors\Creator\3.8.0\resources\app.asar\builtin\engine\dist\editor-extends\missing-reporter\missing-class-reporter.ccc:1:2381)  
at _Deserializer._deserializeTypeTaggedObject (C:\ProgramData\cocos\editors\Creator\3.8.0\resources\resources\3d\engine\bin\.cache\dev\editor\bundled\index.js:57656:30)  
at _Deserializer._deserializeObject (C:\ProgramData\cocos\editors\Creator\3.8.0\resources\resources\3d\engine\bin\.cache\dev\editor\bundled\index.js:57597:29)  
at _Deserializer._deserializeAndAssignField (C:\ProgramData\cocos\editors\Creator\3.8.0\resources\resources\3d\engine\bin\.cache\dev\editor\bundled\index.js:57809:38)  
at eval (C:\ProgramData\cocos\editors\Creator\3.8.0\resources\resources\3d\engine\bin\.cache\dev\editor\bundled\index.js:57355:15)
2025-12-19 17:51:30 - warn: [Assets] Missing class: 7e906J/jvFCEL9MGDgd+omF[Assets] Missing class: 7e906J/jvFCEL9MGDgd+omF  
at Object.warn (C:\ProgramData\cocos\editors\Creator\3.8.0\resources\app.asar\builtin\asset-db\dist\worker\console.ccc:1:1530)  
at _Deserializer.classFinder [as _classFinder] (C:\ProgramData\cocos\editors\Creator\3.8.0\resources\app.asar\builtin\engine\dist\editor-extends\missing-reporter\missing-class-reporter.ccc:1:2381)  
at _Deserializer._deserializeTypeTaggedObject (C:\ProgramData\cocos\editors\Creator\3.8.0\resources\resources\3d\engine\bin\.cache\dev\editor\bundled\index.js:57656:30)  
at _Deserializer._deserializeObject (C:\ProgramData\cocos\editors\Creator\3.8.0\resources\resources\3d\engine\bin\.cache\dev\editor\bundled\index.js:57597:29)  
at _Deserializer._deserializeAndAssignField (C:\ProgramData\cocos\editors\Creator\3.8.0\resources\resources\3d\engine\bin\.cache\dev\editor\bundled\index.js:57809:38)  
at eval (C:\ProgramData\cocos\editors\Creator\3.8.0\resources\resources\3d\engine\bin\.cache\dev\editor\bundled\index.js:57355:15)
2025-12-19 17:51:30 - warn: [Assets] Missing class: 7e906J/jvFCEL9MGDgd+omF[Assets] Missing class: 7e906J/jvFCEL9MGDgd+omF  
at Object.warn (C:\ProgramData\cocos\editors\Creator\3.8.0\resources\app.asar\builtin\asset-db\dist\worker\console.ccc:1:1530)  
at _Deserializer.classFinder [as _classFinder] (C:\ProgramData\cocos\editors\Creator\3.8.0\resources\app.asar\builtin\engine\dist\editor-extends\missing-reporter\missing-class-reporter.ccc:1:2381)  
at _Deserializer._deserializeTypeTaggedObject (C:\ProgramData\cocos\editors\Creator\3.8.0\resources\resources\3d\engine\bin\.cache\dev\editor\bundled\index.js:57656:30)  
at _Deserializer._deserializeObject (C:\ProgramData\cocos\editors\Creator\3.8.0\resources\resources\3d\engine\bin\.cache\dev\editor\bundled\index.js:57597:29)  
at _Deserializer._deserializeAndAssignField (C:\ProgramData\cocos\editors\Creator\3.8.0\resources\resources\3d\engine\bin\.cache\dev\editor\bundled\index.js:57809:38)  
at eval (C:\ProgramData\cocos\editors\Creator\3.8.0\resources\resources\3d\engine\bin\.cache\dev\editor\bundled\index.js:57355:15)
2025-12-19 17:51:30 - error: [Assets] Script "7e906J/jvFCEL9MGDgd+omF" attached to "Canvas" is missing or invalid. Detailed information:
Node path: "Canvas"
Script UUID: "7e90627f-8ef1-4210-bf4c-18381dfa8985"
Class ID: "7e906J/jvFCEL9MGDgd+omF"
[Assets] Script "7e906J/jvFCEL9MGDgd+omF" attached to "Canvas" is missing or invalid. Detailed information:
Node path: "Canvas"
Script UUID: "7e90627f-8ef1-4210-bf4c-18381dfa8985"
Class ID: "7e906J/jvFCEL9MGDgd+omF"
  
at Object.encode (C:\ProgramData\cocos\editors\Creator\3.8.0\resources\app.asar\node_modules\@base\electron-worker\node_modules\v-stacks\index.js:14:17)  
at Logger._logHandler (C:\ProgramData\cocos\editors\Creator\3.8.0\resources\app.asar\node_modules\@base\electron-worker\static\script.ccc:1:531)  
at Logger.record (C:\ProgramData\cocos\editors\Creator\3.8.0\resources\app.asar\node_modules\@base\electron-logger\lib\renderer.ccc:1:458)  
at Object.error (C:\ProgramData\cocos\editors\Creator\3.8.0\resources\app.asar\node_modules\@base\electron-logger\lib\renderer.ccc:1:1414)  
at Object.error (C:\ProgramData\cocos\editors\Creator\3.8.0\resources\app.asar\builtin\asset-db\dist\worker\console.ccc:1:1429)  
at report (C:\ProgramData\cocos\editors\Creator\3.8.0\resources\app.asar\builtin\engine\dist\editor-extends\missing-reporter\missing-class-reporter.ccc:1:1393)  
at reportByWalker (C:\ProgramData\cocos\editors\Creator\3.8.0\resources\app.asar\builtin\engine\dist\editor-extends\missing-reporter\missing-class-reporter.ccc:1:1606)
2025-12-19 17:51:30 - warn: [Assets] Slider is not definedReferenceError: Slider is not defined
    at Object.execute (file:///G:/escapeworm/NewProject/temp/programming/packer-driver/targets/editor/chunks/0c/0cb98739c2dfeb1b15f99d8627f0b2f75ceac166.js:70:339)
    at doExec (C:\ProgramData\cocos\editors\Creator\3.8.0\resources\app.asar\node_modules\@editor\lib-programming\static\executor\systemjs-bridge\out\index.js:517:30)
    at postOrderExec (C:\ProgramData\cocos\editors\Creator\3.8.0\resources\app.asar\node_modules\@editor\lib-programming\static\executor\systemjs-bridge\out\index.js:508:21)
    at C:\ProgramData\cocos\editors\Creator\3.8.0\resources\app.asar\node_modules\@editor\lib-programming\static\executor\systemjs-bridge\out\index.js:440:12
    at file:///G:/escapeworm/NewProject/temp/programming/packer-driver/targets/editor/chunks/c1/c1197de683ea2e6ee3f497b1d6f6b3dda8413386.js:13:13
    at Object.execute (file:///G:/escapeworm/NewProject/temp/programming/packer-driver/targets/editor/chunks/c1/c1197de683ea2e6ee3f497b1d6f6b3dda8413386.js:8:7)
    at Executor._importPrerequisiteModules (C:\ProgramData\cocos\editors\Creator\3.8.0\resources\app.asar\node_modules\@editor\lib-programming\src\executor\index.ts:298:13)
    at Executor.reload (C:\ProgramData\cocos\editors\Creator\3.8.0\resources\app.asar\node_modules\@editor\lib-programming\src\executor\index.ts:183:9)
    at loadScript (C:\ProgramData\cocos\editors\Creator\3.8.0\resources\app.asar\builtin\builder\dist\worker\builder\asset-handler\script\load-script.ccc:1:2505)
    at BundleManager.loadScript (C:\ProgramData\cocos\editors\Creator\3.8.0\resources\app.asar\builtin\builder\dist\worker\builder\asset-handler\bundle\index.ccc:1:2670)
2025-12-19 17:51:30 - warn: [Assets] Missing class: 7e906J/jvFCEL9MGDgd+omF[Assets] Missing class: 7e906J/jvFCEL9MGDgd+omF  
at Object.warn (C:\ProgramData\cocos\editors\Creator\3.8.0\resources\app.asar\builtin\asset-db\dist\worker\console.ccc:1:1530)  
at _Deserializer.classFinder [as _classFinder] (C:\ProgramData\cocos\editors\Creator\3.8.0\resources\app.asar\builtin\engine\dist\editor-extends\missing-reporter\missing-class-reporter.ccc:1:2381)  
at _Deserializer._deserializeTypeTaggedObject (C:\ProgramData\cocos\editors\Creator\3.8.0\resources\resources\3d\engine\bin\.cache\dev\editor\bundled\index.js:57656:30)  
at _Deserializer._deserializeObject (C:\ProgramData\cocos\editors\Creator\3.8.0\resources\resources\3d\engine\bin\.cache\dev\editor\bundled\index.js:57597:29)  
at _Deserializer._deserializeAndAssignField (C:\ProgramData\cocos\editors\Creator\3.8.0\resources\resources\3d\engine\bin\.cache\dev\editor\bundled\index.js:57809:38)  
at _Deserializer._deserializeArray (C:\ProgramData\cocos\editors\Creator\3.8.0\resources\resources\3d\engine\bin\.cache\dev\editor\bundled\index.js:57631:40)
2025-12-19 17:51:30 - warn: [Assets] Missing class: 7e906J/jvFCEL9MGDgd+omF[Assets] Missing class: 7e906J/jvFCEL9MGDgd+omF  
at Object.warn (C:\ProgramData\cocos\editors\Creator\3.8.0\resources\app.asar\builtin\asset-db\dist\worker\console.ccc:1:1530)  
at _Deserializer.classFinder [as _classFinder] (C:\ProgramData\cocos\editors\Creator\3.8.0\resources\app.asar\builtin\engine\dist\editor-extends\missing-reporter\missing-class-reporter.ccc:1:2381)  
at _Deserializer._deserializeTypeTaggedObject (C:\ProgramData\cocos\editors\Creator\3.8.0\resources\resources\3d\engine\bin\.cache\dev\editor\bundled\index.js:57656:30)  
at _Deserializer._deserializeObject (C:\ProgramData\cocos\editors\Creator\3.8.0\resources\resources\3d\engine\bin\.cache\dev\editor\bundled\index.js:57597:29)  
at _Deserializer._deserializeAndAssignField (C:\ProgramData\cocos\editors\Creator\3.8.0\resources\resources\3d\engine\bin\.cache\dev\editor\bundled\index.js:57809:38)  
at eval (C:\ProgramData\cocos\editors\Creator\3.8.0\resources\resources\3d\engine\bin\.cache\dev\editor\bundled\index.js:57355:15)
2025-12-19 17:51:30 - warn: [Assets] Missing class: 7e906J/jvFCEL9MGDgd+omF[Assets] Missing class: 7e906J/jvFCEL9MGDgd+omF  
at Object.warn (C:\ProgramData\cocos\editors\Creator\3.8.0\resources\app.asar\builtin\asset-db\dist\worker\console.ccc:1:1530)  
at _Deserializer.classFinder [as _classFinder] (C:\ProgramData\cocos\editors\Creator\3.8.0\resources\app.asar\builtin\engine\dist\editor-extends\missing-reporter\missing-class-reporter.ccc:1:2381)  
at _Deserializer._deserializeTypeTaggedObject (C:\ProgramData\cocos\editors\Creator\3.8.0\resources\resources\3d\engine\bin\.cache\dev\editor\bundled\index.js:57656:30)  
at _Deserializer._deserializeObject (C:\ProgramData\cocos\editors\Creator\3.8.0\resources\resources\3d\engine\bin\.cache\dev\editor\bundled\index.js:57597:29)  
at _Deserializer._deserializeAndAssignField (C:\ProgramData\cocos\editors\Creator\3.8.0\resources\resources\3d\engine\bin\.cache\dev\editor\bundled\index.js:57809:38)  
at eval (C:\ProgramData\cocos\editors\Creator\3.8.0\resources\resources\3d\engine\bin\.cache\dev\editor\bundled\index.js:57355:15)
2025-12-19 17:51:30 - warn: [Assets] Missing class: 7e906J/jvFCEL9MGDgd+omF[Assets] Missing class: 7e906J/jvFCEL9MGDgd+omF  
at Object.warn (C:\ProgramData\cocos\editors\Creator\3.8.0\resources\app.asar\builtin\asset-db\dist\worker\console.ccc:1:1530)  
at _Deserializer.classFinder [as _classFinder] (C:\ProgramData\cocos\editors\Creator\3.8.0\resources\app.asar\builtin\engine\dist\editor-extends\missing-reporter\missing-class-reporter.ccc:1:2381)  
at _Deserializer._deserializeTypeTaggedObject (C:\ProgramData\cocos\editors\Creator\3.8.0\resources\resources\3d\engine\bin\.cache\dev\editor\bundled\index.js:57656:30)  
at _Deserializer._deserializeObject (C:\ProgramData\cocos\editors\Creator\3.8.0\resources\resources\3d\engine\bin\.cache\dev\editor\bundled\index.js:57597:29)  
at _Deserializer._deserializeAndAssignField (C:\ProgramData\cocos\editors\Creator\3.8.0\resources\resources\3d\engine\bin\.cache\dev\editor\bundled\index.js:57809:38)  
at eval (C:\ProgramData\cocos\editors\Creator\3.8.0\resources\resources\3d\engine\bin\.cache\dev\editor\bundled\index.js:57355:15)
2025-12-19 17:51:30 - error: [Assets] Script "7e906J/jvFCEL9MGDgd+omF" attached to "Canvas" is missing or invalid. Detailed information:
Node path: "Canvas"
Script UUID: "7e90627f-8ef1-4210-bf4c-18381dfa8985"
Class ID: "7e906J/jvFCEL9MGDgd+omF"
[Assets] Script "7e906J/jvFCEL9MGDgd+omF" attached to "Canvas" is missing or invalid. Detailed information:
Node path: "Canvas"
Script UUID: "7e90627f-8ef1-4210-bf4c-18381dfa8985"
Class ID: "7e906J/jvFCEL9MGDgd+omF"
  
at Object.encode (C:\ProgramData\cocos\editors\Creator\3.8.0\resources\app.asar\node_modules\@base\electron-worker\node_modules\v-stacks\index.js:14:17)  
at Logger._logHandler (C:\ProgramData\cocos\editors\Creator\3.8.0\resources\app.asar\node_modules\@base\electron-worker\static\script.ccc:1:531)  
at Logger.record (C:\ProgramData\cocos\editors\Creator\3.8.0\resources\app.asar\node_modules\@base\electron-logger\lib\renderer.ccc:1:458)  
at Object.error (C:\ProgramData\cocos\editors\Creator\3.8.0\resources\app.asar\node_modules\@base\electron-logger\lib\renderer.ccc:1:1414)  
at Object.error (C:\ProgramData\cocos\editors\Creator\3.8.0\resources\app.asar\builtin\asset-db\dist\worker\console.ccc:1:1429)  
at report (C:\ProgramData\cocos\editors\Creator\3.8.0\resources\app.asar\builtin\engine\dist\editor-extends\missing-reporter\missing-class-reporter.ccc:1:1393)  
at reportByWalker (C:\ProgramData\cocos\editors\Creator\3.8.0\resources\app.asar\builtin\engine\dist\editor-extends\missing-reporter\missing-class-reporter.ccc:1:1606)
