2025-12-19 15:30:07-log: Cannot access game frame or container.
2025-12-19 15:30:07-debug: asset-db:require-engine-code (1296ms)
2025-12-19 15:30:08-log: Cocos Creator v3.8.0
2025-12-19 15:30:08-debug: [Assets Memory track]: asset-db:worker-init: initEngine start:21.23MB, end 88.17MB, increase: 66.94MB
2025-12-19 15:30:08-debug: [Assets Memory track]: asset-db-plugin-register: programming start:89.07MB, end 92.50MB, increase: 3.43MB
2025-12-19 15:30:08-debug: [Assets Memory track]: asset-db-plugin-register: engine-extends start:92.55MB, end 96.20MB, increase: 3.64MB
2025-12-19 15:30:08-debug: [Assets Memory track]: asset-db:worker-init: initPlugin start:88.18MB, end 96.21MB, increase: 8.03MB
2025-12-19 15:30:08-debug: [Assets Memory track]: asset-db-plugin-enable: project start:92.73MB, end 96.20MB, increase: 3.47MB
2025-12-19 15:30:08-debug: asset-db:worker-init: initPlugin (158ms)
2025-12-19 15:30:08-debug: Run asset db hook programming:beforePreStart ...
2025-12-19 15:30:08-debug: [Assets Memory track]: asset-db:worker-init start:21.23MB, end 90.20MB, increase: 68.97MB
2025-12-19 15:30:08-debug: Run asset db hook engine-extends:beforePreStart ...
2025-12-19 15:30:08-debug: Run asset db hook programming:beforePreStart success!
2025-12-19 15:30:08-debug: Run asset db hook engine-extends:beforePreStart success!
2025-12-19 15:30:08-debug: asset-db:worker-init (2394ms)
2025-12-19 15:30:08-debug: asset-db-hook-programming-beforePreStart (551ms)
2025-12-19 15:30:08-debug: asset-db-hook-engine-extends-beforePreStart (551ms)
2025-12-19 15:30:08-debug: %cImport%c: G:\escapeworm\NewProject\assets\prefabbackground: #aaff85; color: #000;color: #000;
2025-12-19 15:30:08-debug: Preimport db internal success
2025-12-19 15:30:08-debug: %cImport%c: G:\escapeworm\NewProject\assets\scenebackground: #aaff85; color: #000;color: #000;
2025-12-19 15:30:08-debug: Preimport db assets success
2025-12-19 15:30:08-debug: Run asset db hook programming:afterPreStart ...
2025-12-19 15:30:10-debug: run package(builder) handler(enable) start
2025-12-19 15:30:14-debug: run package(builder) handler(enable) success!
2025-12-19 15:30:14-debug: [Assets Memory track]: asset-db-plugin-enable: builder start:103.83MB, end 237.76MB, increase: 133.94MB
2025-12-19 15:30:14-debug: run package(shortcuts) handler(enable) start
2025-12-19 15:30:14-debug: run package(shortcuts) handler(enable) success!
2025-12-19 15:30:14-debug: run package(animation-graph) handler(enable) start
2025-12-19 15:30:14-debug: run package(animation-graph) handler(enable) success!
2025-12-19 15:30:14-debug: run package(about) handler(enable) start
2025-12-19 15:30:14-debug: run package(about) handler(enable) success!
2025-12-19 15:30:14-debug: run package(assets) handler(enable) start
2025-12-19 15:30:14-debug: run package(assets) handler(enable) success!
2025-12-19 15:30:14-debug: run package(console) handler(enable) start
2025-12-19 15:30:14-debug: run package(crash-reporter) handler(enable) start
2025-12-19 15:30:14-debug: run package(console) handler(enable) success!
2025-12-19 15:30:14-debug: run package(crash-reporter) handler(enable) success!
2025-12-19 15:30:14-debug: run package(extension) handler(enable) success!
2025-12-19 15:30:14-debug: run package(hierarchy) handler(enable) start
2025-12-19 15:30:14-debug: run package(hierarchy) handler(enable) success!
2025-12-19 15:30:14-debug: run package(extension) handler(enable) start
2025-12-19 15:30:14-debug: run package(inspector) handler(enable) start
2025-12-19 15:30:14-debug: run package(inspector) handler(enable) success!
2025-12-19 15:30:14-debug: run package(light-probe) handler(enable) success!
2025-12-19 15:30:14-debug: run package(light-probe) handler(enable) start
2025-12-19 15:30:14-debug: run package(lightmap) handler(enable) success!
2025-12-19 15:30:14-debug: run package(lightmap) handler(enable) start
2025-12-19 15:30:14-debug: run package(node-library) handler(enable) success!
2025-12-19 15:30:14-debug: run package(node-library) handler(enable) start
2025-12-19 15:30:14-debug: run package(package-asset) handler(enable) start
2025-12-19 15:30:14-debug: run package(package-asset) handler(enable) success!
2025-12-19 15:30:14-debug: run package(process) handler(enable) start
2025-12-19 15:30:14-debug: run package(process) handler(enable) success!
2025-12-19 15:30:14-debug: run package(reference-image) handler(enable) start
2025-12-19 15:30:14-debug: run package(reference-image) handler(enable) success!
2025-12-19 15:30:14-debug: run package(reflection-probe) handler(enable) start
2025-12-19 15:30:14-debug: run package(engine-extends) handler(enable) start
2025-12-19 15:30:14-debug: run package(reflection-probe) handler(enable) success!
2025-12-19 15:30:14-debug: run package(engine-extends) handler(enable) success!
2025-12-19 15:30:14-debug: run package(adsense-h5g-plugin) handler(enable) start
2025-12-19 15:30:14-debug: run package(adsense-h5g-plugin) handler(enable) success!
2025-12-19 15:30:14-debug: run package(alipay-mini-game) handler(enable) start
2025-12-19 15:30:14-debug: run package(alipay-mini-game) handler(enable) success!
2025-12-19 15:30:14-debug: run package(android) handler(enable) start
2025-12-19 15:30:14-debug: run package(android) handler(enable) success!
2025-12-19 15:30:14-debug: run package(bytedance-mini-game) handler(enable) start
2025-12-19 15:30:14-debug: run package(bytedance-mini-game) handler(enable) success!
2025-12-19 15:30:14-debug: run package(certificate) handler(enable) start
2025-12-19 15:30:14-debug: run package(certificate) handler(enable) success!
2025-12-19 15:30:14-debug: run package(channel-upload-tools) handler(enable) start
2025-12-19 15:30:14-debug: run package(channel-upload-tools) handler(enable) success!
2025-12-19 15:30:14-debug: run package(fb-instant-games) handler(enable) start
2025-12-19 15:30:14-debug: run package(fb-instant-games) handler(enable) success!
2025-12-19 15:30:14-debug: run package(huawei-agc) handler(enable) success!
2025-12-19 15:30:14-debug: run package(huawei-agc) handler(enable) start
2025-12-19 15:30:14-debug: run package(huawei-quick-game) handler(enable) start
2025-12-19 15:30:14-debug: run package(huawei-quick-game) handler(enable) success!
2025-12-19 15:30:14-debug: run package(ios) handler(enable) success!
2025-12-19 15:30:14-debug: run package(ios) handler(enable) start
2025-12-19 15:30:14-debug: run package(linux) handler(enable) start
2025-12-19 15:30:14-debug: run package(linux) handler(enable) success!
2025-12-19 15:30:14-debug: run package(mac) handler(enable) start
2025-12-19 15:30:14-debug: run package(mac) handler(enable) success!
2025-12-19 15:30:14-debug: run package(native) handler(enable) start
2025-12-19 15:30:14-debug: run package(native) handler(enable) success!
2025-12-19 15:30:14-debug: run package(ohos) handler(enable) start
2025-12-19 15:30:14-debug: run package(ohos) handler(enable) success!
2025-12-19 15:30:14-debug: run package(openharmony) handler(enable) start
2025-12-19 15:30:14-debug: run package(openharmony) handler(enable) success!
2025-12-19 15:30:14-debug: run package(oppo-mini-game) handler(enable) success!
2025-12-19 15:30:14-debug: run package(runtime-dev-tools) handler(enable) start
2025-12-19 15:30:14-debug: run package(runtime-dev-tools) handler(enable) success!
2025-12-19 15:30:14-debug: run package(oppo-mini-game) handler(enable) start
2025-12-19 15:30:14-debug: run package(taobao-creative-app) handler(enable) start
2025-12-19 15:30:14-debug: run package(taobao-creative-app) handler(enable) success!
2025-12-19 15:30:14-debug: run package(taobao-mini-game) handler(enable) start
2025-12-19 15:30:14-debug: run package(taobao-mini-game) handler(enable) success!
2025-12-19 15:30:14-debug: run package(vivo-mini-game) handler(enable) start
2025-12-19 15:30:14-debug: run package(vivo-mini-game) handler(enable) success!
2025-12-19 15:30:14-debug: run package(web-desktop) handler(enable) start
2025-12-19 15:30:14-debug: run package(web-desktop) handler(enable) success!
2025-12-19 15:30:14-debug: run package(web-mobile) handler(enable) success!
2025-12-19 15:30:14-debug: run package(web-mobile) handler(enable) start
2025-12-19 15:30:14-debug: run package(wechatgame) handler(enable) success!
2025-12-19 15:30:14-debug: run package(wechatgame) handler(enable) start
2025-12-19 15:30:14-debug: run package(wechatprogram) handler(enable) start
2025-12-19 15:30:14-debug: run package(wechatprogram) handler(enable) success!
2025-12-19 15:30:14-debug: run package(windows) handler(enable) start
2025-12-19 15:30:14-debug: run package(windows) handler(enable) success!
2025-12-19 15:30:14-debug: run package(xiaomi-quick-game) handler(enable) start
2025-12-19 15:30:14-debug: run package(xiaomi-quick-game) handler(enable) success!
2025-12-19 15:30:14-debug: run package(cocos-service) handler(enable) start
2025-12-19 15:30:14-debug: run package(cocos-service) handler(enable) success!
2025-12-19 15:30:14-debug: run package(im-plugin) handler(enable) start
2025-12-19 15:30:14-debug: run package(im-plugin) handler(enable) success!
2025-12-19 15:30:14-debug: run package(prefab380fix) handler(enable) start
2025-12-19 15:30:14-debug: run package(prefab380fix) handler(enable) success!
2025-12-19 15:30:14-debug: run package(placeholder) handler(enable) start
2025-12-19 15:30:14-debug: run package(placeholder) handler(enable) success!
2025-12-19 15:30:15-debug: Run asset db hook programming:afterPreStart success!
2025-12-19 15:30:15-debug: Set detail map pack:///resolution-detail-map.json: {}
2025-12-19 15:30:15-debug: Run asset db hook engine-extends:afterPreStart ...
2025-12-19 15:30:15-debug: Run asset db hook engine-extends:afterPreStart success!
2025-12-19 15:30:15-debug: [Assets Memory track]: asset-db:worker-init: preStart start:90.20MB, end 239.60MB, increase: 149.39MB
2025-12-19 15:30:15-debug: Start up the 'internal' database...
2025-12-19 15:30:15-debug: asset-db-hook-programming-afterPreStart (6376ms)
2025-12-19 15:30:15-debug: asset-db:worker-effect-data-processing (41ms)
2025-12-19 15:30:15-debug: asset-db-hook-engine-extends-afterPreStart (42ms)
2025-12-19 15:30:15-debug: start asset-db with asset: 459
2025-12-19 15:30:15-debug: [Assets Memory track]: asset-db:worker-startup-database[internal] start:106.69MB, end 237.34MB, increase: 130.64MB
2025-12-19 15:30:15-debug: Start up the 'assets' database...
2025-12-19 15:30:15-debug: asset-db:worker-startup-database[internal] (6519ms)
2025-12-19 15:30:15-debug: %cImport%c: G:\escapeworm\NewProject\assets\scene\LaunchScene.scenebackground: #aaff85; color: #000;color: #000;
2025-12-19 15:30:15-debug: %cImport%c: G:\escapeworm\NewProject\assets\prefab\SettingLayer.prefabbackground: #aaff85; color: #000;color: #000;
2025-12-19 15:30:15-debug: %cImport%c: G:\escapeworm\NewProject\assets\scene\GameScene.scenebackground: #aaff85; color: #000;color: #000;
2025-12-19 15:30:15-debug: start asset-db with asset: 5
2025-12-19 15:30:15-debug: [Assets Memory track]: asset-db:worker-startup-database[assets] start:108.75MB, end 238.10MB, increase: 129.35MB
2025-12-19 15:30:15-debug: asset-db:start-database (6996ms)
2025-12-19 15:30:15-debug: asset-db:worker-startup-database[assets] (6425ms)
2025-12-19 15:30:15-debug: asset-db:ready (11897ms)
2025-12-19 15:30:15-debug: [Build Memory track]: builder:worker-init start:240.02MB, end 248.48MB, increase: 8.46MB
2025-12-19 15:30:15-debug: init worker message success
2025-12-19 15:30:15-debug: programming:execute-script (487ms)
2025-12-19 15:30:15-debug: builder:worker-init (480ms)
2025-12-19 15:30:16-debug: Query all assets info in project
2025-12-19 15:30:16-debug:   Number of all scenes: 2
2025-12-19 15:30:16-debug:   Number of all scripts: 1
2025-12-19 15:30:16-debug: init custom config: keepNodeUuid: false, useCache: true
2025-12-19 15:30:16-debug:   Number of other assets: 320
2025-12-19 15:30:16-debug: reload all scripts.
2025-12-19 15:30:16-debug: Incremental keys: 
2025-12-19 15:30:16-debug: Set detail map pack:///resolution-detail-map.json: {}
2025-12-19 15:30:16-debug: [[Executor]] Module "cce:/internal/x/cc-fu/base" loaded.
2025-12-19 15:30:16-debug: G:\escapeworm\NewProject\temp\programming\packer-driver\targets\editor\chunks\ce\cee638a986ad8fae09398db255647defcaa6612a.js resolved to G:\escapeworm\NewProject\temp\programming\packer-driver\targets\editor\chunks\ce\cee638a986ad8fae09398db255647defcaa6612a.js is not in module cache!
2025-12-19 15:30:16-debug: [[Executor]] Module "cce:/internal/x/cc-fu/gfx-empty" loaded.
2025-12-19 15:30:16-debug: [[Executor]] Module "cce:/internal/x/cc-fu/3d" loaded.
2025-12-19 15:30:16-debug: [[Executor]] Module "cce:/internal/x/cc-fu/animation" loaded.
2025-12-19 15:30:16-debug: [[Executor]] Module "cce:/internal/x/cc-fu/skeletal-animation" loaded.
2025-12-19 15:30:16-debug: [[Executor]] Module "cce:/internal/x/cc-fu/2d" loaded.
2025-12-19 15:30:16-debug: [[Executor]] Module "cce:/internal/x/cc-fu/sorting" loaded.
2025-12-19 15:30:16-debug: [[Executor]] Module "cce:/internal/x/cc-fu/ui" loaded.
2025-12-19 15:30:16-debug: [[Executor]] Module "cce:/internal/x/cc-fu/particle" loaded.
2025-12-19 15:30:16-debug: [[Executor]] Module "cce:/internal/x/cc-fu/particle-2d" loaded.
2025-12-19 15:30:16-debug: [[Executor]] Module "cce:/internal/x/cc-fu/physics-framework" loaded.
2025-12-19 15:30:16-debug: [[Executor]] Module "cce:/internal/x/cc-fu/physics-2d-framework" loaded.
2025-12-19 15:30:16-debug: [[Executor]] Module "cce:/internal/x/cc-fu/primitive" loaded.
2025-12-19 15:30:16-debug: [[Executor]] Module "cce:/internal/x/cc-fu/gfx-webgl2" loaded.
2025-12-19 15:30:16-debug: [[Executor]] Module "cce:/internal/x/cc-fu/geometry-renderer" loaded.
2025-12-19 15:30:16-debug: [[Executor]] Module "cce:/internal/x/cc-fu/audio" loaded.
2025-12-19 15:30:16-debug: [[Executor]] Module "cce:/internal/x/cc-fu/profiler" loaded.
2025-12-19 15:30:16-debug: [[Executor]] Module "cce:/internal/x/cc-fu/video" loaded.
2025-12-19 15:30:16-debug: [[Executor]] Module "cce:/internal/x/cc-fu/light-probe" loaded.
2025-12-19 15:30:16-debug: [[Executor]] Module "cce:/internal/x/cc-fu/terrain" loaded.
2025-12-19 15:30:16-debug: [[Executor]] Module "cce:/internal/x/cc-fu/webview" loaded.
2025-12-19 15:30:16-debug: [[Executor]] Module "cce:/internal/x/cc-fu/tween" loaded.
2025-12-19 15:30:16-debug: [[Executor]] Module "cce:/internal/x/cc-fu/tiled-map" loaded.
2025-12-19 15:30:16-debug: [[Executor]] Module "cce:/internal/x/cc-fu/spine" loaded.
2025-12-19 15:30:16-debug: [[Executor]] Module "cce:/internal/x/cc-fu/dragon-bones" loaded.
2025-12-19 15:30:16-debug: [[Executor]] Module "cce:/internal/x/cc-fu/custom-pipeline" loaded.
2025-12-19 15:30:16-debug: [[Executor]] Module "cce:/internal/x/cc-fu/intersection-2d" loaded.
2025-12-19 15:30:16-debug: [[Executor]] Module "cce:/internal/x/cc-fu/gfx-webgl" loaded.
2025-12-19 15:30:16-debug: [[Executor]] Module "cce:/internal/x/cc-fu/gfx-webgl" loaded.
2025-12-19 15:30:16-debug: [[Executor]] Module "cce:/internal/x/cc-fu/gfx-empty" loaded.
2025-12-19 15:30:16-debug: [[Executor]] Module "cce:/internal/x/cc-fu/xr" loaded.
2025-12-19 15:30:16-debug: [[Executor]] Module "cce:/internal/x/cc-fu/3d" loaded.
2025-12-19 15:30:16-debug: [[Executor]] Module "cce:/internal/x/cc-fu/gfx-webgl2" loaded.
2025-12-19 15:30:16-debug: [[Executor]] Module "cce:/internal/x/cc-fu/base" loaded.
2025-12-19 15:30:16-debug: [[Executor]] Module "cce:/internal/x/cc-fu/animation" loaded.
2025-12-19 15:30:16-debug: [[Executor]] Module "cce:/internal/x/cc-fu/skeletal-animation" loaded.
2025-12-19 15:30:16-debug: [[Executor]] Module "cce:/internal/x/cc-fu/sorting" loaded.
2025-12-19 15:30:16-debug: [[Executor]] Module "cce:/internal/x/cc-fu/ui" loaded.
2025-12-19 15:30:16-debug: [[Executor]] Module "cce:/internal/x/cc-fu/particle-2d" loaded.
2025-12-19 15:30:16-debug: [[Executor]] Module "cce:/internal/x/cc-fu/particle" loaded.
2025-12-19 15:30:16-debug: [[Executor]] Module "cce:/internal/x/cc-fu/physics-framework" loaded.
2025-12-19 15:30:16-debug: [[Executor]] Module "cce:/internal/x/cc-fu/physics-2d-framework" loaded.
2025-12-19 15:30:17-debug: [[Executor]] Module "cce:/internal/x/cc-fu/intersection-2d" loaded.
2025-12-19 15:30:17-debug: [[Executor]] Module "cce:/internal/x/cc-fu/geometry-renderer" loaded.
2025-12-19 15:30:17-debug: [[Executor]] Module "cce:/internal/x/cc-fu/audio" loaded.
2025-12-19 15:30:17-debug: [[Executor]] Module "cce:/internal/x/cc-fu/video" loaded.
2025-12-19 15:30:17-debug: [[Executor]] Module "cce:/internal/x/cc-fu/xr" loaded.
2025-12-19 15:30:17-debug: [[Executor]] Module "cce:/internal/x/cc-fu/light-probe" loaded.
2025-12-19 15:30:17-debug: [[Executor]] Module "cce:/internal/x/cc-fu/terrain" loaded.
2025-12-19 15:30:17-debug: [[Executor]] Module "cce:/internal/x/cc-fu/webview" loaded.
2025-12-19 15:30:17-debug: [[Executor]] Module "cce:/internal/x/cc-fu/primitive" loaded.
2025-12-19 15:30:17-debug: [[Executor]] Module "cce:/internal/x/cc-fu/tween" loaded.
2025-12-19 15:30:17-debug: [[Executor]] Module "cce:/internal/x/cc-fu/spine" loaded.
2025-12-19 15:30:17-debug: [[Executor]] Module "cce:/internal/x/cc-fu/tiled-map" loaded.
2025-12-19 15:30:17-debug: [[Executor]] Module "cce:/internal/x/cc-fu/dragon-bones" loaded.
2025-12-19 15:30:17-debug: [[Executor]] Module "cce:/internal/x/cc-fu/custom-pipeline" loaded.
2025-12-19 15:30:17-debug: [[Executor]] Module "pack:///chunks/ce/cee638a986ad8fae09398db255647defcaa6612a.js" loaded.
2025-12-19 15:30:17-debug: Invalidating 'pack:///chunks/ce/cee638a986ad8fae09398db255647defcaa6612a.js'
2025-12-19 15:30:17-debug: [[Executor]] Module "pack:///chunks/ce/cee638a986ad8fae09398db255647defcaa6612a.js" loaded.
2025-12-19 15:30:16-debug: [[Executor]] Module "cce:/internal/x/cc-fu/2d" loaded.
2025-12-19 15:30:17-debug: [[Executor]] Module "cce:/internal/x/cc-fu/profiler" loaded.
2025-12-19 15:30:17-debug: G:\escapeworm\NewProject\temp\programming\packer-driver\targets\editor\chunks\48\48925ed89f58b0eff72f0ddf69b47c4b5e8f623a.js resolved to G:\escapeworm\NewProject\temp\programming\packer-driver\targets\editor\chunks\48\48925ed89f58b0eff72f0ddf69b47c4b5e8f623a.js is not in module cache!
2025-12-19 15:30:17-debug: [[Executor]] Module "pack:///chunks/48/48925ed89f58b0eff72f0ddf69b47c4b5e8f623a.js" loaded.
2025-12-19 15:30:17-debug: G:\escapeworm\NewProject\temp\programming\packer-driver\targets\editor\chunks\1f\1feb0183e1ee4ce1428ca0c6a426a91db556c845.js resolved to G:\escapeworm\NewProject\temp\programming\packer-driver\targets\editor\chunks\1f\1feb0183e1ee4ce1428ca0c6a426a91db556c845.js is not in module cache!
2025-12-19 15:30:17-debug: [[Executor]] Module "pack:///chunks/1f/1feb0183e1ee4ce1428ca0c6a426a91db556c845.js" loaded.
2025-12-19 15:30:17-debug: [[Executor]] Module "pack:///chunks/48/48925ed89f58b0eff72f0ddf69b47c4b5e8f623a.js" loaded.
2025-12-19 15:30:17-debug: 查询 Asset Bundle start0%
2025-12-19 15:30:17-debug: // ---- build task 查询 Asset Bundle ----
2025-12-19 15:30:17-debug: [[Executor]] Register DebugViewRuntimeControl
2025-12-19 15:30:17-debug: Query preload assets from cc.config.json: 60f7195c-ec2a-45eb-ba94-8955f60e81d0,1c02ae6f-4492-4915-b8f8-7492a3b1e4cd,810e96e4-e456-4468-9b59-f4e8f39732c0,efe8e2a3-eace-427b-b4f1-cb8a937ec77d,e9aa9a3e-5b2b-4ac7-a2c7-073de2b2b24f,8bbdbcdd-5cd4-4100-b6d5-b7c9625b6107,50f4348b-c883-4e2f-8f11-ce233b859fa1,fda095cb-831d-4601-ad94-846013963de8,f92806d7-1768-443f-afe8-12bcde84d0f0,dd3a144d-ab7f-41f0-82b8-2e43a090d496,f0416e68-0200-4b77-a926-4f9d16e494da,970b0598-bcb0-4714-91fb-2e81440dccd8,bcd64cc6-2dd9-43f6-abbe-66318d332032,d930590d-bb92-4cc8-8bd1-23cd027f9edf,a3cd009f-0ab0-420d-9278-b9fdab939bbc,c27215d8-6835-4b68-bfbb-bdeac6100c04,b5d6115f-0370-4d7c-aad3-c194cc71cf98,871c3b6c-7379-419d-bda3-794b239ab90d
2025-12-19 15:30:17-debug: // ---- build task 查询 Asset Bundle ---- (28ms)
2025-12-19 15:30:17-debug: run build task 查询 Asset Bundle success in 28 ms √5%
2025-12-19 15:30:17-debug: [Build Memory track]: 查询 Asset Bundle start:247.16MB, end 249.37MB, increase: 2.21MB
2025-12-19 15:30:17-debug: 查询 Asset Bundle start5%
2025-12-19 15:30:17-debug: // ---- build task 查询 Asset Bundle ----
2025-12-19 15:30:17-debug: run build task 查询 Asset Bundle success in 0 ms √10%
2025-12-19 15:30:17-debug: [Build Memory track]: 查询 Asset Bundle start:249.38MB, end 249.39MB, increase: 9.24KB
2025-12-19 15:30:17-debug: // ---- build task 整理部分构建选项内数据到 settings.json ----
2025-12-19 15:30:17-debug: 整理部分构建选项内数据到 settings.json start10%
2025-12-19 15:30:17-debug: run build task 整理部分构建选项内数据到 settings.json success in 0 ms √12%
2025-12-19 15:30:17-debug: // ---- build task 填充脚本数据到 settings.json ----
2025-12-19 15:30:17-debug: [Build Memory track]: 整理部分构建选项内数据到 settings.json start:249.41MB, end 249.42MB, increase: 11.61KB
2025-12-19 15:30:17-debug: 填充脚本数据到 settings.json start12%
2025-12-19 15:30:17-debug: run build task 填充脚本数据到 settings.json success in 0 ms √13%
2025-12-19 15:30:17-debug: [Build Memory track]: 填充脚本数据到 settings.json start:249.43MB, end 249.45MB, increase: 12.14KB
2025-12-19 15:30:17-debug: 整理部分构建选项内数据到 settings.json start13%
2025-12-19 15:30:17-debug: // ---- build task 整理部分构建选项内数据到 settings.json ----
2025-12-19 15:30:17-debug: // ---- build task 整理部分构建选项内数据到 settings.json ---- (5ms)
2025-12-19 15:30:17-debug: [Build Memory track]: 整理部分构建选项内数据到 settings.json start:249.46MB, end 249.62MB, increase: 163.47KB
2025-12-19 15:30:17-debug: run build task 整理部分构建选项内数据到 settings.json success in 5 ms √15%
2025-12-19 15:30:17-debug: programming:execute-script (3ms)
2025-12-19 15:30:20-debug: Query all assets info in project
2025-12-19 15:30:20-debug: init custom config: keepNodeUuid: false, useCache: true
2025-12-19 15:30:20-debug:   Number of all scenes: 2
2025-12-19 15:30:20-debug:   Number of other assets: 320
2025-12-19 15:30:20-debug:   Number of all scripts: 1
2025-12-19 15:30:20-debug: Incremental keys: 
2025-12-19 15:30:20-debug: reload all scripts.
2025-12-19 15:30:20-debug: Set detail map pack:///resolution-detail-map.json: {}
2025-12-19 15:30:20-debug: Invalidating 'pack:///chunks/ce/cee638a986ad8fae09398db255647defcaa6612a.js'
2025-12-19 15:30:20-debug: Invalidating 'pack:///chunks/48/48925ed89f58b0eff72f0ddf69b47c4b5e8f623a.js'
2025-12-19 15:30:20-debug: Unregister DebugViewRuntimeControl
2025-12-19 15:30:20-debug: Invalidating 'pack:///chunks/1f/1feb0183e1ee4ce1428ca0c6a426a91db556c845.js'
2025-12-19 15:30:20-debug: [[Executor]] Module "pack:///chunks/ce/cee638a986ad8fae09398db255647defcaa6612a.js" loaded.
2025-12-19 15:30:20-debug: [[Executor]] Module "pack:///chunks/1f/1feb0183e1ee4ce1428ca0c6a426a91db556c845.js" loaded.
2025-12-19 15:30:20-debug: [[Executor]] Register DebugViewRuntimeControl
2025-12-19 15:30:20-debug: [[Executor]] Module "pack:///chunks/48/48925ed89f58b0eff72f0ddf69b47c4b5e8f623a.js" loaded.
2025-12-19 15:30:20-debug: 查询 Asset Bundle start0%
2025-12-19 15:30:20-debug: [[Executor]] Module "pack:///chunks/48/48925ed89f58b0eff72f0ddf69b47c4b5e8f623a.js" loaded.
2025-12-19 15:30:20-debug: // ---- build task 查询 Asset Bundle ----
2025-12-19 15:30:20-debug: Query preload assets from cc.config.json: 60f7195c-ec2a-45eb-ba94-8955f60e81d0,1c02ae6f-4492-4915-b8f8-7492a3b1e4cd,810e96e4-e456-4468-9b59-f4e8f39732c0,efe8e2a3-eace-427b-b4f1-cb8a937ec77d,e9aa9a3e-5b2b-4ac7-a2c7-073de2b2b24f,8bbdbcdd-5cd4-4100-b6d5-b7c9625b6107,50f4348b-c883-4e2f-8f11-ce233b859fa1,fda095cb-831d-4601-ad94-846013963de8,f92806d7-1768-443f-afe8-12bcde84d0f0,dd3a144d-ab7f-41f0-82b8-2e43a090d496,f0416e68-0200-4b77-a926-4f9d16e494da,970b0598-bcb0-4714-91fb-2e81440dccd8,bcd64cc6-2dd9-43f6-abbe-66318d332032,d930590d-bb92-4cc8-8bd1-23cd027f9edf,a3cd009f-0ab0-420d-9278-b9fdab939bbc,c27215d8-6835-4b68-bfbb-bdeac6100c04,b5d6115f-0370-4d7c-aad3-c194cc71cf98,871c3b6c-7379-419d-bda3-794b239ab90d
2025-12-19 15:30:20-debug: // ---- build task 查询 Asset Bundle ---- (6ms)
2025-12-19 15:30:20-debug: run build task 查询 Asset Bundle success in 6 ms √5%
2025-12-19 15:30:20-debug: [Build Memory track]: 查询 Asset Bundle start:249.65MB, end 251.74MB, increase: 2.09MB
2025-12-19 15:30:20-debug: 查询 Asset Bundle start5%
2025-12-19 15:30:20-debug: // ---- build task 查询 Asset Bundle ----
2025-12-19 15:30:20-debug: // ---- build task 查询 Asset Bundle ---- (-1ms)
2025-12-19 15:30:20-debug: run build task 查询 Asset Bundle success in -1 ms √10%
2025-12-19 15:30:20-debug: 整理部分构建选项内数据到 settings.json start10%
2025-12-19 15:30:20-debug: [Build Memory track]: 查询 Asset Bundle start:251.75MB, end 251.77MB, increase: 15.14KB
2025-12-19 15:30:20-debug: // ---- build task 整理部分构建选项内数据到 settings.json ----
2025-12-19 15:30:20-debug: // ---- build task 整理部分构建选项内数据到 settings.json ---- (1ms)
2025-12-19 15:30:20-debug: run build task 整理部分构建选项内数据到 settings.json success in 1 ms √12%
2025-12-19 15:30:20-debug: [Build Memory track]: 整理部分构建选项内数据到 settings.json start:251.78MB, end 251.80MB, increase: 19.12KB
2025-12-19 15:30:20-debug: 填充脚本数据到 settings.json start12%
2025-12-19 15:30:20-debug: // ---- build task 填充脚本数据到 settings.json ----
2025-12-19 15:30:20-debug: run build task 填充脚本数据到 settings.json success in 0 ms √13%
2025-12-19 15:30:20-debug: [Build Memory track]: 填充脚本数据到 settings.json start:251.82MB, end 251.83MB, increase: 11.37KB
2025-12-19 15:30:20-debug: // ---- build task 整理部分构建选项内数据到 settings.json ----
2025-12-19 15:30:20-debug: 整理部分构建选项内数据到 settings.json start13%
2025-12-19 15:30:20-debug: // ---- build task 整理部分构建选项内数据到 settings.json ---- (1ms)
2025-12-19 15:30:20-debug: run build task 整理部分构建选项内数据到 settings.json success in 1 ms √15%
2025-12-19 15:30:20-debug: [Build Memory track]: 整理部分构建选项内数据到 settings.json start:251.84MB, end 251.91MB, increase: 66.18KB
2025-12-19 15:30:23-debug: refresh db internal success
2025-12-19 15:30:23-debug: refresh db assets success
2025-12-19 15:30:23-debug: Run asset db hook engine-extends:afterRefresh ...
2025-12-19 15:30:23-debug: Run asset db hook engine-extends:afterRefresh success!
2025-12-19 15:30:23-debug: asset-db:refresh-all-database (65ms)
2025-12-19 15:30:26-debug: refresh db internal success
2025-12-19 15:30:26-debug: refresh db assets success
2025-12-19 15:30:26-debug: Run asset db hook engine-extends:afterRefresh ...
2025-12-19 15:30:26-debug: Run asset db hook engine-extends:afterRefresh success!
2025-12-19 15:30:26-debug: asset-db:refresh-all-database (47ms)
2025-12-19 15:30:31-debug: refresh db internal success
2025-12-19 15:30:31-debug: refresh db assets success
2025-12-19 15:30:31-debug: Run asset db hook engine-extends:afterRefresh ...
2025-12-19 15:30:31-debug: Run asset db hook engine-extends:afterRefresh success!
2025-12-19 15:30:31-debug: asset-db:refresh-all-database (42ms)
2025-12-19 15:30:32-debug: start refresh asset from G:\escapeworm\NewProject\assets\scene\GameScene.scene...
2025-12-19 15:30:32-debug: %cImport%c: G:\escapeworm\NewProject\assets\scene\GameScene.scenebackground: #aaff85; color: #000;color: #000;
2025-12-19 15:30:32-debug: refresh asset G:\escapeworm\NewProject\assets\scene success
2025-12-19 15:30:33-debug: Query all assets info in project
2025-12-19 15:30:33-debug: init custom config: keepNodeUuid: false, useCache: true
2025-12-19 15:30:33-debug:   Number of all scenes: 2
2025-12-19 15:30:33-debug:   Number of all scripts: 1
2025-12-19 15:30:33-debug:   Number of other assets: 320
2025-12-19 15:30:33-debug: Incremental keys: 
2025-12-19 15:30:33-debug: reload all scripts.
2025-12-19 15:30:33-debug: Unregister DebugViewRuntimeControl
2025-12-19 15:30:33-debug: Invalidating 'pack:///chunks/ce/cee638a986ad8fae09398db255647defcaa6612a.js'
2025-12-19 15:30:33-debug: Set detail map pack:///resolution-detail-map.json: {}
2025-12-19 15:30:33-debug: Invalidating 'pack:///chunks/48/48925ed89f58b0eff72f0ddf69b47c4b5e8f623a.js'
2025-12-19 15:30:33-debug: [[Executor]] Module "pack:///chunks/ce/cee638a986ad8fae09398db255647defcaa6612a.js" loaded.
2025-12-19 15:30:33-debug: [[Executor]] Module "pack:///chunks/48/48925ed89f58b0eff72f0ddf69b47c4b5e8f623a.js" loaded.
2025-12-19 15:30:33-debug: Invalidating 'pack:///chunks/1f/1feb0183e1ee4ce1428ca0c6a426a91db556c845.js'
2025-12-19 15:30:33-debug: [[Executor]] Register DebugViewRuntimeControl
2025-12-19 15:30:33-debug: [[Executor]] Module "pack:///chunks/1f/1feb0183e1ee4ce1428ca0c6a426a91db556c845.js" loaded.
2025-12-19 15:30:33-debug: [[Executor]] Module "pack:///chunks/48/48925ed89f58b0eff72f0ddf69b47c4b5e8f623a.js" loaded.
2025-12-19 15:30:33-debug: 查询 Asset Bundle start0%
2025-12-19 15:30:33-debug: // ---- build task 查询 Asset Bundle ----
2025-12-19 15:30:33-debug: Query preload assets from cc.config.json: 60f7195c-ec2a-45eb-ba94-8955f60e81d0,1c02ae6f-4492-4915-b8f8-7492a3b1e4cd,810e96e4-e456-4468-9b59-f4e8f39732c0,efe8e2a3-eace-427b-b4f1-cb8a937ec77d,e9aa9a3e-5b2b-4ac7-a2c7-073de2b2b24f,8bbdbcdd-5cd4-4100-b6d5-b7c9625b6107,50f4348b-c883-4e2f-8f11-ce233b859fa1,fda095cb-831d-4601-ad94-846013963de8,f92806d7-1768-443f-afe8-12bcde84d0f0,dd3a144d-ab7f-41f0-82b8-2e43a090d496,f0416e68-0200-4b77-a926-4f9d16e494da,970b0598-bcb0-4714-91fb-2e81440dccd8,bcd64cc6-2dd9-43f6-abbe-66318d332032,d930590d-bb92-4cc8-8bd1-23cd027f9edf,a3cd009f-0ab0-420d-9278-b9fdab939bbc,c27215d8-6835-4b68-bfbb-bdeac6100c04,b5d6115f-0370-4d7c-aad3-c194cc71cf98,871c3b6c-7379-419d-bda3-794b239ab90d
2025-12-19 15:30:33-debug: // ---- build task 查询 Asset Bundle ---- (7ms)
2025-12-19 15:30:33-debug: run build task 查询 Asset Bundle success in 7 ms √5%
2025-12-19 15:30:33-debug: [Build Memory track]: 查询 Asset Bundle start:234.90MB, end 233.82MB, increase: -1103.89KB
2025-12-19 15:30:33-debug: 查询 Asset Bundle start5%
2025-12-19 15:30:33-debug: // ---- build task 查询 Asset Bundle ----
2025-12-19 15:30:33-debug: run build task 查询 Asset Bundle success in 0 ms √10%
2025-12-19 15:30:33-debug: [Build Memory track]: 查询 Asset Bundle start:233.83MB, end 233.84MB, increase: 10.87KB
2025-12-19 15:30:33-debug: 整理部分构建选项内数据到 settings.json start10%
2025-12-19 15:30:33-debug: // ---- build task 整理部分构建选项内数据到 settings.json ----
2025-12-19 15:30:33-debug: run build task 整理部分构建选项内数据到 settings.json success in 0 ms √12%
2025-12-19 15:30:33-debug: [Build Memory track]: 整理部分构建选项内数据到 settings.json start:233.86MB, end 233.87MB, increase: 12.91KB
2025-12-19 15:30:33-debug: // ---- build task 填充脚本数据到 settings.json ----
2025-12-19 15:30:33-debug: 填充脚本数据到 settings.json start12%
2025-12-19 15:30:33-debug: // ---- build task 填充脚本数据到 settings.json ---- (-1ms)
2025-12-19 15:30:33-debug: run build task 填充脚本数据到 settings.json success in -1 ms √13%
2025-12-19 15:30:33-debug: [Build Memory track]: 填充脚本数据到 settings.json start:233.89MB, end 233.90MB, increase: 16.43KB
2025-12-19 15:30:33-debug: 整理部分构建选项内数据到 settings.json start13%
2025-12-19 15:30:33-debug: // ---- build task 整理部分构建选项内数据到 settings.json ----
2025-12-19 15:30:33-debug: // ---- build task 整理部分构建选项内数据到 settings.json ---- (1ms)
2025-12-19 15:30:33-debug: run build task 整理部分构建选项内数据到 settings.json success in 1 ms √15%
2025-12-19 15:30:33-debug: [Build Memory track]: 整理部分构建选项内数据到 settings.json start:233.92MB, end 233.99MB, increase: 72.00KB
2025-12-19 15:30:33-debug: Query all assets info in project
2025-12-19 15:30:33-debug: init custom config: keepNodeUuid: false, useCache: true
2025-12-19 15:30:33-debug:   Number of all scripts: 1
2025-12-19 15:30:33-debug:   Number of other assets: 320
2025-12-19 15:30:33-debug:   Number of all scenes: 2
2025-12-19 15:30:33-debug: reload all scripts.
2025-12-19 15:30:33-debug: Incremental keys: 
2025-12-19 15:30:33-debug: Set detail map pack:///resolution-detail-map.json: {}
2025-12-19 15:30:33-debug: Invalidating 'pack:///chunks/48/48925ed89f58b0eff72f0ddf69b47c4b5e8f623a.js'
2025-12-19 15:30:33-debug: Invalidating 'pack:///chunks/ce/cee638a986ad8fae09398db255647defcaa6612a.js'
2025-12-19 15:30:33-debug: Unregister DebugViewRuntimeControl
2025-12-19 15:30:33-debug: Invalidating 'pack:///chunks/1f/1feb0183e1ee4ce1428ca0c6a426a91db556c845.js'
2025-12-19 15:30:33-debug: [[Executor]] Module "pack:///chunks/ce/cee638a986ad8fae09398db255647defcaa6612a.js" loaded.
2025-12-19 15:30:33-debug: [[Executor]] Module "pack:///chunks/1f/1feb0183e1ee4ce1428ca0c6a426a91db556c845.js" loaded.
2025-12-19 15:30:33-debug: [[Executor]] Module "pack:///chunks/48/48925ed89f58b0eff72f0ddf69b47c4b5e8f623a.js" loaded.
2025-12-19 15:30:33-debug: [[Executor]] Register DebugViewRuntimeControl
2025-12-19 15:30:33-debug: [[Executor]] Module "pack:///chunks/48/48925ed89f58b0eff72f0ddf69b47c4b5e8f623a.js" loaded.
2025-12-19 15:30:33-debug: 查询 Asset Bundle start0%
2025-12-19 15:30:33-debug: // ---- build task 查询 Asset Bundle ----
2025-12-19 15:30:33-debug: Query preload assets from cc.config.json: 60f7195c-ec2a-45eb-ba94-8955f60e81d0,1c02ae6f-4492-4915-b8f8-7492a3b1e4cd,810e96e4-e456-4468-9b59-f4e8f39732c0,efe8e2a3-eace-427b-b4f1-cb8a937ec77d,e9aa9a3e-5b2b-4ac7-a2c7-073de2b2b24f,8bbdbcdd-5cd4-4100-b6d5-b7c9625b6107,50f4348b-c883-4e2f-8f11-ce233b859fa1,fda095cb-831d-4601-ad94-846013963de8,f92806d7-1768-443f-afe8-12bcde84d0f0,dd3a144d-ab7f-41f0-82b8-2e43a090d496,f0416e68-0200-4b77-a926-4f9d16e494da,970b0598-bcb0-4714-91fb-2e81440dccd8,bcd64cc6-2dd9-43f6-abbe-66318d332032,d930590d-bb92-4cc8-8bd1-23cd027f9edf,a3cd009f-0ab0-420d-9278-b9fdab939bbc,c27215d8-6835-4b68-bfbb-bdeac6100c04,b5d6115f-0370-4d7c-aad3-c194cc71cf98,871c3b6c-7379-419d-bda3-794b239ab90d
2025-12-19 15:30:33-debug: // ---- build task 查询 Asset Bundle ---- (6ms)
2025-12-19 15:30:33-debug: run build task 查询 Asset Bundle success in 6 ms √5%
2025-12-19 15:30:33-debug: [Build Memory track]: 查询 Asset Bundle start:236.86MB, end 235.62MB, increase: -1266.54KB
2025-12-19 15:30:33-debug: 查询 Asset Bundle start5%
2025-12-19 15:30:33-debug: // ---- build task 查询 Asset Bundle ----
2025-12-19 15:30:33-debug: // ---- build task 查询 Asset Bundle ---- (-1ms)
2025-12-19 15:30:33-debug: run build task 查询 Asset Bundle success in -1 ms √10%
2025-12-19 15:30:33-debug: [Build Memory track]: 查询 Asset Bundle start:235.64MB, end 235.65MB, increase: 16.70KB
2025-12-19 15:30:33-debug: 整理部分构建选项内数据到 settings.json start10%
2025-12-19 15:30:33-debug: // ---- build task 整理部分构建选项内数据到 settings.json ----
2025-12-19 15:30:33-debug: run build task 整理部分构建选项内数据到 settings.json success in 0 ms √12%
2025-12-19 15:30:33-debug: [Build Memory track]: 整理部分构建选项内数据到 settings.json start:235.67MB, end 235.68MB, increase: 11.90KB
2025-12-19 15:30:33-debug: 填充脚本数据到 settings.json start12%
2025-12-19 15:30:33-debug: // ---- build task 填充脚本数据到 settings.json ----
2025-12-19 15:30:33-debug: run build task 填充脚本数据到 settings.json success in 0 ms √13%
2025-12-19 15:30:33-debug: [Build Memory track]: 填充脚本数据到 settings.json start:235.69MB, end 235.71MB, increase: 13.32KB
2025-12-19 15:30:33-debug: 整理部分构建选项内数据到 settings.json start13%
2025-12-19 15:30:33-debug: // ---- build task 整理部分构建选项内数据到 settings.json ----
2025-12-19 15:30:33-debug: // ---- build task 整理部分构建选项内数据到 settings.json ---- (1ms)
2025-12-19 15:30:33-debug: run build task 整理部分构建选项内数据到 settings.json success in 1 ms √15%
2025-12-19 15:30:33-debug: [Build Memory track]: 整理部分构建选项内数据到 settings.json start:235.72MB, end 235.78MB, increase: 63.04KB
2025-12-19 15:30:33-debug: Query all assets info in project
2025-12-19 15:30:33-debug: init custom config: keepNodeUuid: false, useCache: true
2025-12-19 15:30:33-debug:   Number of all scripts: 1
2025-12-19 15:30:33-debug:   Number of other assets: 320
2025-12-19 15:30:33-debug:   Number of all scenes: 2
2025-12-19 15:30:33-debug: reload all scripts.
2025-12-19 15:30:33-debug: Incremental keys: 
2025-12-19 15:30:33-debug: Unregister DebugViewRuntimeControl
2025-12-19 15:30:33-debug: Invalidating 'pack:///chunks/ce/cee638a986ad8fae09398db255647defcaa6612a.js'
2025-12-19 15:30:33-debug: Set detail map pack:///resolution-detail-map.json: {}
2025-12-19 15:30:33-debug: Invalidating 'pack:///chunks/48/48925ed89f58b0eff72f0ddf69b47c4b5e8f623a.js'
2025-12-19 15:30:33-debug: Invalidating 'pack:///chunks/1f/1feb0183e1ee4ce1428ca0c6a426a91db556c845.js'
2025-12-19 15:30:33-debug: [[Executor]] Module "pack:///chunks/ce/cee638a986ad8fae09398db255647defcaa6612a.js" loaded.
2025-12-19 15:30:33-debug: [[Executor]] Module "pack:///chunks/1f/1feb0183e1ee4ce1428ca0c6a426a91db556c845.js" loaded.
2025-12-19 15:30:33-debug: [[Executor]] Module "pack:///chunks/48/48925ed89f58b0eff72f0ddf69b47c4b5e8f623a.js" loaded.
2025-12-19 15:30:33-debug: [[Executor]] Register DebugViewRuntimeControl
2025-12-19 15:30:33-debug: [[Executor]] Module "pack:///chunks/48/48925ed89f58b0eff72f0ddf69b47c4b5e8f623a.js" loaded.
2025-12-19 15:30:33-debug: // ---- build task 查询 Asset Bundle ----
2025-12-19 15:30:33-debug: 查询 Asset Bundle start0%
2025-12-19 15:30:33-debug: Query preload assets from cc.config.json: 60f7195c-ec2a-45eb-ba94-8955f60e81d0,1c02ae6f-4492-4915-b8f8-7492a3b1e4cd,810e96e4-e456-4468-9b59-f4e8f39732c0,efe8e2a3-eace-427b-b4f1-cb8a937ec77d,e9aa9a3e-5b2b-4ac7-a2c7-073de2b2b24f,8bbdbcdd-5cd4-4100-b6d5-b7c9625b6107,50f4348b-c883-4e2f-8f11-ce233b859fa1,fda095cb-831d-4601-ad94-846013963de8,f92806d7-1768-443f-afe8-12bcde84d0f0,dd3a144d-ab7f-41f0-82b8-2e43a090d496,f0416e68-0200-4b77-a926-4f9d16e494da,970b0598-bcb0-4714-91fb-2e81440dccd8,bcd64cc6-2dd9-43f6-abbe-66318d332032,d930590d-bb92-4cc8-8bd1-23cd027f9edf,a3cd009f-0ab0-420d-9278-b9fdab939bbc,c27215d8-6835-4b68-bfbb-bdeac6100c04,b5d6115f-0370-4d7c-aad3-c194cc71cf98,871c3b6c-7379-419d-bda3-794b239ab90d
2025-12-19 15:30:33-debug: [Build Memory track]: 查询 Asset Bundle start:235.18MB, end 237.26MB, increase: 2.08MB
2025-12-19 15:30:33-debug: // ---- build task 查询 Asset Bundle ---- (7ms)
2025-12-19 15:30:33-debug: run build task 查询 Asset Bundle success in 7 ms √5%
2025-12-19 15:30:33-debug: 查询 Asset Bundle start5%
2025-12-19 15:30:33-debug: // ---- build task 查询 Asset Bundle ----
2025-12-19 15:30:33-debug: run build task 查询 Asset Bundle success in 0 ms √10%
2025-12-19 15:30:33-debug: 整理部分构建选项内数据到 settings.json start10%
2025-12-19 15:30:33-debug: [Build Memory track]: 查询 Asset Bundle start:237.27MB, end 234.39MB, increase: -2952.70KB
2025-12-19 15:30:33-debug: // ---- build task 整理部分构建选项内数据到 settings.json ----
2025-12-19 15:30:33-debug: run build task 整理部分构建选项内数据到 settings.json success in 0 ms √12%
2025-12-19 15:30:33-debug: [Build Memory track]: 整理部分构建选项内数据到 settings.json start:234.40MB, end 234.41MB, increase: 11.36KB
2025-12-19 15:30:33-debug: 填充脚本数据到 settings.json start12%
2025-12-19 15:30:33-debug: // ---- build task 填充脚本数据到 settings.json ----
2025-12-19 15:30:33-debug: run build task 填充脚本数据到 settings.json success in 0 ms √13%
2025-12-19 15:30:33-debug: [Build Memory track]: 填充脚本数据到 settings.json start:234.43MB, end 234.44MB, increase: 12.06KB
2025-12-19 15:30:33-debug: 整理部分构建选项内数据到 settings.json start13%
2025-12-19 15:30:33-debug: // ---- build task 整理部分构建选项内数据到 settings.json ----
2025-12-19 15:30:33-debug: // ---- build task 整理部分构建选项内数据到 settings.json ---- (1ms)
2025-12-19 15:30:33-debug: run build task 整理部分构建选项内数据到 settings.json success in 1 ms √15%
2025-12-19 15:30:33-debug: [Build Memory track]: 整理部分构建选项内数据到 settings.json start:234.45MB, end 234.52MB, increase: 63.70KB
